------Start of DE processing------ = [14.07.23, 01:19:42:407 MESZ]
Exception = java.lang.NoClassDefFoundError
Source = com.ibm.ws.container.service.state.internal.ApplicationStateManager
probeid = 56
Stack Dump = java.lang.NoClassDefFoundError: javax/jms/MessageListener
	at java.base/java.lang.ClassLoader.defineClass1(Native Method)
	at java.base/java.lang.ClassLoader.defineClass(ClassLoader.java:1012)
	at com.ibm.ws.classloading.internal.AppClassLoader.definePackageAndClass(AppClassLoader.java:429)
	at com.ibm.ws.classloading.internal.AppClassLoader.findClass(AppClassLoader.java:327)
	at com.ibm.ws.classloading.internal.AppClassLoader.findOrDelegateLoadClass(AppClassLoader.java:708)
	at com.ibm.ws.classloading.internal.AppClassLoader.loadClass(AppClassLoader.java:580)
	at com.ibm.ws.classloading.internal.AppClassLoader.loadClass(AppClassLoader.java:547)
	at java.base/java.lang.ClassLoader.loadClass(ClassLoader.java:520)
	at com.ibm.ws.cdi.ejb.impl.EjbDescriptorImpl.newInstance(EjbDescriptorImpl.java:64)
	at com.ibm.ws.cdi.ejb.impl.AbstractEjbEndpointService.getEndPointsInfo(AbstractEjbEndpointService.java:84)
	at com.ibm.ws.cdi.impl.weld.BeanDeploymentArchiveImpl.scanForEndpoints(BeanDeploymentArchiveImpl.java:475)
	at com.ibm.ws.cdi.impl.weld.BeanDeploymentArchiveImpl.scan(BeanDeploymentArchiveImpl.java:311)
	at com.ibm.ws.cdi.impl.weld.WebSphereCDIDeploymentImpl.scan(WebSphereCDIDeploymentImpl.java:635)
	at com.ibm.ws.cdi.impl.CDIContainerImpl.startInitialization(CDIContainerImpl.java:145)
	at com.ibm.ws.cdi.liberty.CDIRuntimeImpl.applicationStarting(CDIRuntimeImpl.java:494)
	at com.ibm.ws.container.service.state.internal.ApplicationStateManager.fireStarting(ApplicationStateManager.java:53)
	at com.ibm.ws.container.service.state.internal.StateChangeServiceImpl.fireApplicationStarting(StateChangeServiceImpl.java:52)
	at com.ibm.ws.app.manager.module.internal.SimpleDeployedAppInfoBase.preDeployApp(SimpleDeployedAppInfoBase.java:549)
	at com.ibm.ws.app.manager.module.internal.SimpleDeployedAppInfoBase.installApp(SimpleDeployedAppInfoBase.java:510)
	at com.ibm.ws.app.manager.module.internal.DeployedAppInfoBase.deployApp(DeployedAppInfoBase.java:351)
	at com.ibm.ws.app.manager.war.internal.WARApplicationHandlerImpl.install(WARApplicationHandlerImpl.java:67)
	at com.ibm.ws.app.manager.internal.statemachine.StartAction.execute(StartAction.java:184)
	at com.ibm.ws.app.manager.internal.statemachine.ApplicationStateMachineImpl.enterState(ApplicationStateMachineImpl.java:1369)
	at com.ibm.ws.app.manager.internal.statemachine.ApplicationStateMachineImpl.run(ApplicationStateMachineImpl.java:912)
	at com.ibm.ws.threading.internal.ExecutorServiceImpl$RunnableWrapper.run(ExecutorServiceImpl.java:247)
	at java.base/java.util.concurrent.ThreadPoolExecutor.runWorker(ThreadPoolExecutor.java:1136)
	at java.base/java.util.concurrent.ThreadPoolExecutor$Worker.run(ThreadPoolExecutor.java:635)
	at java.base/java.lang.Thread.run(Thread.java:833)
Caused by: java.lang.ClassNotFoundException: javax.jms.MessageListener
	at com.ibm.ws.classloading.internal.AppClassLoader.findClassCommonLibraryClassLoaders(AppClassLoader.java:736)
	at com.ibm.ws.classloading.internal.AppClassLoader.findClass(AppClassLoader.java:321)
	at com.ibm.ws.classloading.internal.AppClassLoader.findOrDelegateLoadClass(AppClassLoader.java:708)
	at com.ibm.ws.classloading.internal.AppClassLoader.loadClass(AppClassLoader.java:580)
	at com.ibm.ws.classloading.internal.AppClassLoader.loadClass(AppClassLoader.java:547)
	at java.base/java.lang.ClassLoader.loadClass(ClassLoader.java:520)
	... 28 more

Dump of callerThis
Object type = com.ibm.ws.container.service.state.internal.ApplicationStateManager
  serialVersionUID = -6685368059484454124
  $$$tc$$$ = class com.ibm.websphere.ras.TraceComponent@3c193852
    strings[0] = "TraceComponent[com.ibm.ws.container.service.state.internal.ApplicationStateManager,class com.ibm.ws.container.service.state.internal.ApplicationStateManager,[Runtime],null,null]"
  listeners = class com.ibm.wsspi.kernel.service.utils.ConcurrentServiceReferenceSet@592f1427
    referenceName = "applicationStateListeners"
    contextRef = class java.util.concurrent.atomic.AtomicReference@6fdd5d52
      serialVersionUID = "/* Could not access serialVersionUID */"
      VALUE = "/* Could not access VALUE */"
      value = "/* Could not access value */"
    elementMap = class java.util.LinkedHashMap@787153b6
      serialVersionUID = "/* Could not access serialVersionUID */"
      head = "/* Could not access head */"
      tail = "/* Could not access tail */"
      accessOrder = "/* Could not access accessOrder */"
      serialVersionUID = "/* Could not access serialVersionUID */"
      DEFAULT_INITIAL_CAPACITY = "/* Could not access DEFAULT_INITIAL_CAPACITY */"
      MAXIMUM_CAPACITY = "/* Could not access MAXIMUM_CAPACITY */"
      DEFAULT_LOAD_FACTOR = "/* Could not access DEFAULT_LOAD_FACTOR */"
      TREEIFY_THRESHOLD = "/* Could not access TREEIFY_THRESHOLD */"
      UNTREEIFY_THRESHOLD = "/* Could not access UNTREEIFY_THRESHOLD */"
      MIN_TREEIFY_CAPACITY = "/* Could not access MIN_TREEIFY_CAPACITY */"
      table = "/* Could not access table */"
      entrySet = "/* Could not access entrySet */"
      size = "/* Could not access size */"
      modCount = "/* Could not access modCount */"
      threshold = "/* Could not access threshold */"
      loadFactor = "/* Could not access loadFactor */"
      keySet = "/* Could not access keySet */"
      values = "/* Could not access values */"
    elementSet = class java.util.concurrent.ConcurrentSkipListSet@55e693ca
      serialVersionUID = "/* Could not access serialVersionUID */"
      m = "/* Could not access m */"
    elementSetUnsorted = false
    serialVersionUID = 756240983881166148
    $$$tc$$$ = class com.ibm.websphere.ras.TraceComponent@132fabf2
      strings[0] = "TraceComponent[com.ibm.wsspi.kernel.service.utils.ConcurrentServiceReferenceSet,class com.ibm.wsspi.kernel.service.utils.ConcurrentServiceReferenceSet,[kernelUtils],com.ibm.ws.kernel.service.utils.resources.ServiceMessages,null]"
  serialVersionUID = 2284273176985484160
  $$$tc$$$ = class com.ibm.websphere.ras.TraceComponent@4487909c
    strings[0] = "TraceComponent[com.ibm.ws.container.service.state.internal.StateChangeManager,class com.ibm.ws.container.service.state.internal.StateChangeManager,[Runtime],null,null]"

Dump of objectArray[0]
Object type = com.ibm.ws.container.service.app.deploy.internal.ApplicationInfoImpl
  appName = "QwicsWebApp"
  appMetaData = class com.ibm.ws.container.service.app.deploy.internal.ApplicationMetaDataImpl@627c7564
    j2eeName = class com.ibm.ws.container.service.metadata.internal.J2EENameImpl@1a436cd5
      serialVersionUID = 7488184044073147667
      application = "QwicsWebApp"
      module = null
      component = null
      string = "QwicsWebApp"
      j2eeNameBytes = null
      $$$tc$$$ = class com.ibm.websphere.ras.TraceComponent@23dfffae
    serialVersionUID = -7906531148367236579
    $$$tc$$$ = class com.ibm.websphere.ras.TraceComponent@33b4bb60
      strings[0] = "TraceComponent[com.ibm.ws.container.service.app.deploy.internal.ApplicationMetaDataImpl,class com.ibm.ws.container.service.app.deploy.internal.ApplicationMetaDataImpl,[container.service],com.ibm.ws.container.service.resources.Messages,null]"
    tc = class com.ibm.websphere.ras.TraceComponent@77697240
      strings[0] = "TraceComponent[com.ibm.ws.runtime.metadata.MetaDataImpl,class com.ibm.ws.runtime.metadata.MetaDataImpl,[Runtime],null,null]"
    NUM_STATIC_SLOTS = 4
    ID_UNINITIALIZED = -1
    id = 0
    metaDataInterface = class java.lang.Class@6210110a
      ANNOTATION = "/* Could not access ANNOTATION */"
      ENUM = "/* Could not access ENUM */"
      SYNTHETIC = "/* Could not access SYNTHETIC */"
      cachedConstructor = "/* Could not access cachedConstructor */"
      name = "/* Could not access name */"
      module = "/* Could not access module */"
      packageName = "/* Could not access packageName */"
      componentType = "/* Could not access componentType */"
      allPermDomain = "/* Could not access allPermDomain */"
      reflectionData = "/* Could not access reflectionData */"
      classRedefinedCount = "/* Could not access classRedefinedCount */"
      genericInfo = "/* Could not access genericInfo */"
      EMPTY_CLASS_ARRAY = "/* Could not access EMPTY_CLASS_ARRAY */"
      serialVersionUID = "/* Could not access serialVersionUID */"
      serialPersistentFields = "/* Could not access serialPersistentFields */"
      reflectionFactory = "/* Could not access reflectionFactory */"
      enumConstants = "/* Could not access enumConstants */"
      enumConstantDirectory = "/* Could not access enumConstantDirectory */"
      annotationData = "/* Could not access annotationData */"
      annotationType = "/* Could not access annotationType */"
      classValueMap = "/* Could not access classValueMap */"
    staticSlots = class java.lang.Object[4]
      Object[0] = class com.ibm.ws.injectionengine.osgi.internal.OSGiInjectionScopeData@1783c8ff
      Object[1] = null
      Object[2] = class com.ibm.ws.ejbcontainer.osgi.internal.metadata.OSGiEJBApplicationMetaData@5631161
      Object[3] = null
    dynamicSlots = class java.lang.Object[4]
      Object[0] = "QwicsWebApp"
      Object[1] = null
      Object[2] = null
      Object[3] = null
  appContainer = class com.ibm.ws.adaptable.module.internal.AdaptableContainerImpl@467cb4bb
    root = class com.ibm.ws.adaptable.module.internal.AdaptableContainerImpl@467cb4bb
    rootOverlay = class com.ibm.ws.artifact.overlay.internal.DirectoryBasedOverlayContainerImpl@10249b05
      tc = class com.ibm.websphere.ras.TraceComponent@3c5760f5
      base = class com.ibm.ws.artifact.loose.internal.LooseArchive@2a954ba4
      maskSet = class java.util.HashSet@2b283e82
      cfHolder = class com.ibm.ws.artifact.overlay.internal.OverlayContainerFactoryImpl@42f16b41
      fileOverlayContainer = class com.ibm.ws.artifact.file.internal.FileContainer@2e1aa362
      overlayDirectory = class java.io.File@2e52056e
      cacheDirForOverlay = class java.io.File@44e4e208
      overlayNotifier = class com.ibm.ws.artifact.overlay.internal.DirectoryBasedOverlayNotifier@d0632b6
      enclosingContainer = null
      entryInEnclosingContainer = null
      nestedOverlays = class java.util.concurrent.ConcurrentHashMap@76fc91c7
      cacheStore = class com.ibm.ws.artifact.overlay.internal.OverlayCache@48bb9303
      parentOverlay = null
      isPassThroughMode = true
      serialVersionUID = -8445278173803874173
    factoryHolder = class com.ibm.ws.adaptable.module.internal.AdaptableModuleFactoryImpl@5d44795b
      adapterFactoryService = class com.ibm.ws.adaptable.module.internal.AdapterFactoryServiceImpl@55b59297
      containerFactory = class com.ibm.ws.artifact.internal.ArtifactContainerFactoryService@9139786
      overlayContainerFactory = class com.ibm.ws.artifact.overlay.internal.OverlayContainerFactoryImpl@42f16b41
      serialVersionUID = 4200251809856292987
      $$$tc$$$ = class com.ibm.websphere.ras.TraceComponent@62eea2a5
    delegate = class com.ibm.ws.artifact.overlay.internal.DirectoryBasedOverlayContainerImpl@10249b05
    notifier = class com.ibm.ws.adaptable.module.internal.NotifierImpl@5c92f0c2
      root = class com.ibm.ws.adaptable.module.internal.AdaptableContainerImpl@467cb4bb
      delegateNotifier = class com.ibm.ws.artifact.overlay.internal.DirectoryBasedOverlayNotifier@d0632b6
      delegateRoot = class com.ibm.ws.artifact.overlay.internal.DirectoryBasedOverlayContainerImpl@10249b05
      listenerDelegates = class java.util.HashMap@26b3d7e5
      serialVersionUID = 6839382523957017880
      $$$tc$$$ = class com.ibm.websphere.ras.TraceComponent@59aa8f49
    serialVersionUID = -5950528200509051684
    $$$tc$$$ = class com.ibm.websphere.ras.TraceComponent@13ee10b
      strings[0] = "TraceComponent[com.ibm.ws.adaptable.module.internal.AdaptableContainerImpl,class com.ibm.ws.adaptable.module.internal.AdaptableContainerImpl,[archive.adaptable],null,null]"
  configHelper = class com.ibm.ws.app.manager.module.ApplicationNestedConfigHelper@5fd32885
    appInfo = class com.ibm.ws.app.manager.internal.ApplicationInstallInfo@707c2483
    serialVersionUID = -3174031738676705046
    $$$tc$$$ = class com.ibm.websphere.ras.TraceComponent@71518f6f
      strings[0] = "TraceComponent[com.ibm.ws.app.manager.module.ApplicationNestedConfigHelper,class com.ibm.ws.app.manager.module.ApplicationNestedConfigHelper,[applications, app.manager],null,null]"
  applicationInformation = class com.ibm.ws.app.manager.internal.ApplicationInstallInfo@707c2483
    _config = class com.ibm.ws.app.manager.internal.ApplicationConfig@64097628
      tc = class com.ibm.websphere.ras.TraceComponent@4c261146
      _configPid = "com.ibm.ws.app.manager_0"
      _config = class com.ibm.ws.config.admin.ConfigurationDictionary@1a93b767
      _applicationManager = class com.ibm.ws.app.manager.ApplicationManager@1022dd84
      _location = "QwicsWebApp.war"
      _type = "war"
      _name = "QwicsWebApp"
      _notificationBroadcasterSupport = class javax.management.NotificationBroadcasterSupport@7eeb74a6
      ONE_TIME_JANDEX_MSGS_DISPLAYED = true
      serialVersionUID = -2151423388299667431
    _handlerInfo = class java.util.concurrent.atomic.AtomicReference@407a50fd
      serialVersionUID = "/* Could not access serialVersionUID */"
      VALUE = "/* Could not access VALUE */"
      value = "/* Could not access value */"
    _container = class java.util.concurrent.atomic.AtomicReference@50367b29
      serialVersionUID = "/* Could not access serialVersionUID */"
      VALUE = "/* Could not access VALUE */"
      value = "/* Could not access value */"
    _resolvedLocation = class java.util.concurrent.atomic.AtomicReference@66ce8e7f
      serialVersionUID = "/* Could not access serialVersionUID */"
      VALUE = "/* Could not access VALUE */"
      value = "/* Could not access value */"
    _handler = class com.ibm.ws.app.manager.war.internal.WARApplicationHandlerImpl@49d90cb8
      futureMonitor = class com.ibm.ws.threading.internal.FutureMonitorImpl@590feb7
      deployedAppFactory = class com.ibm.ws.app.manager.war.internal.WARDeployedAppInfoFactoryImpl@3d8cd7c
      serialVersionUID = 4622845147410944782
      $$$tc$$$ = class com.ibm.websphere.ras.TraceComponent@6eb28222
    _ami = class java.util.concurrent.atomic.AtomicReference@5bb650c6
      serialVersionUID = "/* Could not access serialVersionUID */"
      VALUE = "/* Could not access VALUE */"
      value = "/* Could not access value */"
    _updateHandler = class com.ibm.ws.app.manager.internal.statemachine.ApplicationStateMachineImpl@383a87aa
      _tc = class com.ibm.websphere.ras.TraceComponent@25c6766
      EMPTY_FUTURE_ARRAY = interface java.util.concurrent.Future[0]
      asmSequenceNumber = class java.util.concurrent.atomic.AtomicLong@5e3cad22
      _qscaCounter = class java.util.concurrent.atomic.AtomicInteger@5cdb8514
      _failedThrowable = null
      _interruptibleLock = class com.ibm.ws.app.manager.internal.statemachine.ApplicationStateMachineImpl$2@192d00de
      _interruptible = false
      _performingQueuedActions = true
      _queuedActions = class java.util.concurrent.ConcurrentLinkedQueue@2119e0e1
      _callbackState = class java.util.concurrent.atomic.AtomicReference@1af71c5d
      blockAppStartingFutures = class java.util.Collections$SetFromMap@1a04c932
      waitingForAppHandlerFuture = class java.util.concurrent.atomic.AtomicReference@6bde115c
      waitingForExplicitStartFuture = class java.util.concurrent.atomic.AtomicReference@5aefa2e
      startAfterFutures = class java.util.Collections$SetFromMap@27190b32
      completionListener = class java.util.concurrent.atomic.AtomicReference@1b681bba
      _notifyAppStopped = class java.util.concurrent.ConcurrentLinkedQueue@27bd7a
      _notifyAppStarting = class java.util.concurrent.ConcurrentLinkedQueue@72aa48da
      _notifyAppInstallCalled = class java.util.concurrent.ConcurrentLinkedQueue@1d058d26
      _notifyAppStarted = class java.util.concurrent.ConcurrentLinkedQueue@46ebf0f7
      _notifyAppRemoved = class java.util.concurrent.ConcurrentLinkedQueue@7b1a593d
      _stateLock = class com.ibm.ws.app.manager.internal.statemachine.ApplicationStateMachineImpl$3@5b56221c
      _internalState = class java.util.concurrent.atomic.AtomicReference@6a0be8ed
      _currentAction = class java.util.concurrent.atomic.AtomicReference@737ed113
      _rfa = class java.util.concurrent.atomic.AtomicReference@5a04adf0
      _appInstallInfo = class java.util.concurrent.atomic.AtomicReference@3028226e
      _update = class java.util.concurrent.atomic.AtomicBoolean@5d1e806
      _appConfig = class java.util.concurrent.atomic.AtomicReference@2247e6
      _nextAppConfig = class java.util.concurrent.atomic.AtomicReference@7f36113f
      _appContainer = class java.util.concurrent.atomic.AtomicReference@e7c67e5
      _resolvedLocation = class java.util.concurrent.atomic.AtomicReference@4e73ff4
      _handler = class java.util.concurrent.atomic.AtomicReference@166845f9
      _asmSeqNo = 1
      _ctx = class org.eclipse.osgi.internal.framework.BundleContextImpl@39f300a3
      _locAdmin = class com.ibm.ws.kernel.service.location.internal.WsLocationAdminImpl@34b6167b
      _futureMonitor = class com.ibm.ws.threading.internal.FutureMonitorImpl@590feb7
      _artifactFactory = class com.ibm.ws.artifact.internal.ArtifactContainerFactoryService@9139786
      _moduleFactory = class com.ibm.ws.adaptable.module.internal.AdaptableModuleFactoryImpl@5d44795b
      _executorService = class com.ibm.ws.threading.internal.ExecutorServiceImpl@729b54bb
      _scheduledExecutorService = class com.ibm.ws.threading.internal.ScheduledExecutorImpl@5d004cd0
      _asmHelper = class com.ibm.ws.app.manager.internal.ApplicationConfigurator$NamedApplication@2de9194d
      _appMonitor = class com.ibm.ws.app.manager.internal.monitor.ApplicationMonitor@448e4193
      _configurator = class com.ibm.ws.app.manager.internal.ApplicationConfigurator@5063df72
      enterStateCalled = class java.util.concurrent.atomic.AtomicBoolean@400f82b7
      serialVersionUID = 4458043999335554711
      serialVersionUID = -8760483717533387753
      $$$tc$$$ = class com.ibm.websphere.ras.TraceComponent@67bf729d
    serialVersionUID = 2630639237123415755
    $$$tc$$$ = class com.ibm.websphere.ras.TraceComponent@6bc5f9d5
      strings[0] = "TraceComponent[com.ibm.ws.app.manager.internal.ApplicationInstallInfo,class com.ibm.ws.app.manager.internal.ApplicationInstallInfo,[applications, app.manager],com.ibm.ws.app.manager.internal.resources.AppManagerMessages,null]"
  serialVersionUID = 5227817860647895780
  $$$tc$$$ = class com.ibm.websphere.ras.TraceComponent@67d1a824
    strings[0] = "TraceComponent[com.ibm.ws.container.service.app.deploy.internal.ApplicationInfoImpl,class com.ibm.ws.container.service.app.deploy.internal.ApplicationInfoImpl,[container.service],com.ibm.ws.container.service.resources.Messages,null]"

