********************************************************************************
product = Open Liberty 23.0.0.6 (wlp-1.0.78.cl230620230612-1100)
wlp.install.dir = /Users/pbrune/qwics/workspace/QwicsWebApp/target/liberty/wlp/
java.home = /Library/Java/JavaVirtualMachines/zulu-17.jdk/Contents/Home
java.version = 17.0.1
java.runtime = OpenJDK Runtime Environment (17.0.1+12-LTS)
os = Mac OS X (13.1; aarch64) (de_DE)
process = 48242@MacBook-Air-4.local
Classpath = /Users/pbrune/qwics/workspace/QwicsWebApp/target/liberty/wlp/bin/tools/ws-server.jar
Java Library path = /Users/pbrune/Library/Java/Extensions:/Library/Java/Extensions:/Network/Library/Java/Extensions:/System/Library/Java/Extensions:/usr/lib/java:.
********************************************************************************
[14.07.23, 01:19:39:115 MESZ] 00000001 com.ibm.ws.kernel.launch.internal.FrameworkManager           A CWWKE0001I: Der Server defaultServer wurde gestartet.
[14.07.23, 01:19:39:470 MESZ] 00000001 com.ibm.ws.kernel.launch.internal.FrameworkManager           I CWWKE0002I: Der Kernel wurde nach  0,718 Sekunden gestartet.
[14.07.23, 01:19:39:486 MESZ] 00000028 com.ibm.ws.kernel.feature.internal.FeatureManager            I CWWKF0007I: Die Featureaktualisierung wurde gestartet.
[14.07.23, 01:19:40:083 MESZ] 0000001b com.ibm.ws.security.ready.internal.SecurityReadyServiceImpl  I CWWKS0007I: Der Sicherheitsservice wird gestartet...
[14.07.23, 01:19:40:146 MESZ] 0000001c com.ibm.ws.app.manager.internal.monitor.DropinMonitor        A CWWKZ0058I: dropins auf Anwendungen überwachen.
[14.07.23, 01:19:40:386 MESZ] 0000001e com.ibm.ws.cache.ServerCache                                 I DYNA1001I: Die Instanz von WebSphere Dynamic Cache mit dem Namen baseCache wurde ordnungsgemäß initialisiert.
[14.07.23, 01:19:40:389 MESZ] 0000001e com.ibm.ws.cache.ServerCache                                 I DYNA1071I: Der Cacheprovider default wird verwendet.
[14.07.23, 01:19:40:390 MESZ] 0000001e com.ibm.ws.cache.CacheServiceImpl                            I DYNA1056I: Dynamic Cache (Objektcache) wurde erfolgreich initialisiert.
[14.07.23, 01:19:40:468 MESZ] 00000024 com.ibm.ws.ssl.config.WSKeyStore                             I CWPKI0802I: Das SSL-Zertifikat wird erstellt. Dieser Vorgang kann einige Sekunden dauern.
[14.07.23, 01:19:40:475 MESZ] 00000034 com.ibm.ws.security.token.ltpa.LTPAKeyInfoManager            I CWWKS4103I: Die LTPA-Schlüssel werden erstellt. Dieser Vorgang kann einige Sekunden dauern.
[14.07.23, 01:19:40:487 MESZ] 0000001b ibm.ws.security.authentication.internal.jaas.JAASServiceImpl I CWWKS1123I: Das Verbundauthentifizierungs-Plug-in mit dem Klassennamen NullCollectiveAuthenticationPlugin wurde aktiviert. 
[14.07.23, 01:19:40:585 MESZ] 0000001b com.ibm.ws.security.jaspi.AuthConfigFactoryWrapper           I CWWKS1655I: Die JASPIC-Standard-AuthConfigFactory-Klasse com.ibm.ws.security.jaspi.ProviderRegistry wird verwendet, weil die Java-Sicherheitseigenschaft authconfigprovider.factory nicht gesetzt ist. 
[14.07.23, 01:19:40:689 MESZ] 00000034 com.ibm.ws.security.token.ltpa.LTPAKeyInfoManager            A CWWKS4104A: Die LTPA-Schlüssel wurden in 0,214 Sekunden erstellt. LTPA-Schlüsseldatei: /Users/pbrune/qwics/workspace/QwicsWebApp/target/liberty/wlp/usr/servers/defaultServer/resources/security/ltpa.keys
[14.07.23, 01:19:40:691 MESZ] 00000034 com.ibm.ws.security.token.ltpa.internal.LTPAKeyCreateTask    I CWWKS4105I: Die LTPA-Konfiguration ist nach 0,217 Sekunden bereit.
[14.07.23, 01:19:40:994 MESZ] 0000003d com.ibm.ws.app.manager.AppMessageHelper                      W CWWKZ0014W: Die Anwendung lks konnte nicht gestartet werden, weil sie nicht an der Position lks.war gefunden wurde.
[14.07.23, 01:19:41:004 MESZ] 0000003e com.ibm.ws.app.manager.AppMessageHelper                      I CWWKZ0018I: Die Anwendung QwicsWebApp wird gestartet.
[14.07.23, 01:19:41:004 MESZ] 0000003e bm.ws.app.manager.war.internal.WARDeployedAppInfoFactoryImpl I CWWKZ0134I: Die Anwendung QwicsWebApp verwendet die lose Anwendungsdefinition an der Position /Users/pbrune/qwics/workspace/QwicsWebApp/target/liberty/wlp/usr/servers/defaultServer/apps/QwicsWebApp.war.xml.
[14.07.23, 01:19:41:124 MESZ] 00000024 com.ibm.ws.ssl.config.WSKeyStore                             A CWPKI0803A: Das SSL-Zertifikat wurde in 0,656 Sekunden erstellt. SSL-Schlüsseldatei: /Users/pbrune/qwics/workspace/QwicsWebApp/target/liberty/wlp/usr/servers/defaultServer/resources/security/key.p12
[14.07.23, 01:19:41:124 MESZ] 00000024 com.ibm.ws.ssl.config.WSKeyStore                             I Successfully loaded default keystore: /Users/pbrune/qwics/workspace/QwicsWebApp/target/liberty/wlp/usr/servers/defaultServer/resources/security/key.p12 of type: PKCS12
[14.07.23, 01:19:41:264 MESZ] 0000003e com.ibm.ws.jpa.AbstractJPAProviderIntegration                I CWWJP0053I: Hibernate wird als JPA-Provider eines anderen Anbieters verwendet. Versionsinformation: 5.4.1.Final. 
[14.07.23, 01:19:41:284 MESZ] 0000003e org.hibernate.jpa.internal.util.LogHelper                    I HHH000204: Processing PersistenceUnitInfo [name: QwicsDB]
[14.07.23, 01:19:41:350 MESZ] 0000003e org.hibernate.Version                                        I HHH000412: Hibernate Core {5.4.1.Final}
[14.07.23, 01:19:41:467 MESZ] 0000003e org.hibernate.annotations.common.Version                     I HCANN000001: Hibernate Commons Annotations {5.1.0.Final}
[14.07.23, 01:19:41:576 MESZ] 0000003e org.hibernate.dialect.Dialect                                I HHH000400: Using dialect: org.hibernate.dialect.PostgreSQL9Dialect
[14.07.23, 01:19:41:726 MESZ] 0000003e ngine.transaction.jta.platform.internal.JtaPlatformInitiator I HHH000490: Using JtaPlatform implementation: [org.hibernate.engine.transaction.jta.platform.internal.WebSphereLibertyJtaPlatform]
[14.07.23, 01:19:41:733 MESZ] 0000003e com.ibm.ws.session.WASSessionCore                            I SESN8501I: Der Sitzungsmanager konnte keine persistente Speicherposition finden. HttpSession-Objekte werden im lokalen Anwendungsserverspeicher gespeichert.
[14.07.23, 01:19:41:744 MESZ] 0000003e org.jboss.weld.Version                                       I WELD-000900: 3.1.9 (Final)
[14.07.23, 01:19:42:420 MESZ] 0000003e com.ibm.ws.logging.internal.impl.IncidentImpl                I FFDC1015I: Es wurde ein FFDC-Vorfall erstellt: "java.lang.NoClassDefFoundError: javax/jms/MessageListener com.ibm.ws.container.service.state.internal.ApplicationStateManager 56" unter ffdc_23.07.14_01.19.42.0.log
[14.07.23, 01:19:42:461 MESZ] 0000003e com.ibm.ws.logging.internal.impl.IncidentImpl                I FFDC1015I: Es wurde ein FFDC-Vorfall erstellt: "com.ibm.ws.container.service.state.StateChangeException: java.lang.NoClassDefFoundError: javax/jms/MessageListener com.ibm.ws.app.manager.module.internal.SimpleDeployedAppInfoBase 550" unter ffdc_23.07.14_01.19.42.1.log
[14.07.23, 01:19:42:466 MESZ] 0000003e org.hibernate.orm.beans                                      I HHH10005004: Stopping BeanContainer : org.hibernate.resource.beans.container.internal.CdiBeanContainerImmediateAccessImpl@7e4c201c
[14.07.23, 01:19:42:467 MESZ] 0000003e com.ibm.ws.app.manager.AppMessageHelper                      E CWWKZ0002E: Beim Starten der Anwendung QwicsWebApp ist eine Ausnahme eingetreten. Ausnahmenachricht: com.ibm.ws.container.service.state.StateChangeException: java.lang.NoClassDefFoundError: javax/jms/MessageListener
[14.07.23, 01:19:42:491 MESZ] 00000028 com.ibm.ws.tcpchannel.internal.TCPPort                       I CWWKO0219I: Der TCP-Kanal defaultHttpEndpoint wurde gestartet und ist jetzt für Anforderungen auf dem Host *  (IPv6) an Port 9080 empfangsbereit.
[14.07.23, 01:19:42:493 MESZ] 00000028 com.ibm.ws.tcpchannel.internal.TCPPort                       I CWWKO0219I: Der TCP-Kanal defaultHttpEndpoint-ssl wurde gestartet und ist jetzt für Anforderungen auf dem Host *  (IPv6) an Port 9443 empfangsbereit.
[14.07.23, 01:19:42:564 MESZ] 00000039 com.ibm.ws.webcontainer.osgi.mbeans.PluginGenerator          I SRVE9103I: Es wurde automatisch eine Konfigurationsdatei für ein Web-Server-Plug-in für diesen Server unter /Users/pbrune/qwics/workspace/QwicsWebApp/target/liberty/wlp/usr/servers/defaultServer/logs/state/plugin-cfg.xml generiert.
[14.07.23, 01:19:42:685 MESZ] 00000028 com.ibm.ws.kernel.feature.internal.FeatureManager            A CWWKF0012I: Im Server wurden die folgenden Features installiert: [appSecurity-2.0, appSecurity-3.0, beanValidation-2.0, bells-1.0, cdi-2.0, distributedMap-1.0, ejbLite-3.2, el-3.0, jaspic-1.1, jaxrs-2.1, jaxrsClient-2.1, jca-1.7, jdbc-4.2, jndi-1.0, jpa-2.2, jpaContainer-2.2, jsf-2.3, jsonb-1.0, jsonp-1.1, jsp-2.3, localConnector-1.0, managedBeans-1.0, mdb-3.2, servlet-4.0, ssl-1.0, webProfile-8.0, websocket-1.1].
[14.07.23, 01:19:42:685 MESZ] 00000028 com.ibm.ws.kernel.feature.internal.FeatureManager            I CWWKF0008I: Die Featureaktualisierung wurde in 3,216 Sekunden durchgeführt.
[14.07.23, 01:19:42:685 MESZ] 00000028 com.ibm.ws.kernel.feature.internal.FeatureManager            A CWWKF0011I: Der Server defaultServer ist für die Ausführung von Smarter Planet bereit. Der Server defaultServer ist nach 3,934 Sekunden gestartet.
[14.07.23, 01:20:57:418 MESZ] 00000018 com.ibm.ws.kernel.launch.internal.ServerCommandListener      A CWWKE0055I: Herunterfahren des Servers angefordert am Freitag, 14. Juli 2023 um 01:20. Der Server defaultServer wird beendet.
[14.07.23, 01:20:57:422 MESZ] 00000047 com.ibm.ws.runtime.update.internal.RuntimeUpdateManagerImpl  A CWWKE1100I: Es wird bis zu 30 Sekunden auf die Stilllegung des Servers gewartet.
[14.07.23, 01:20:57:427 MESZ] 0000002d com.ibm.ws.tcpchannel.internal.TCPChannel                    I CWWKO0220I: Der TCP-Kanal defaultHttpEndpoint-ssl ist auf Host *  (IPv6) an Port 9443 nicht mehr für Anforderungen empfangsbereit.
[14.07.23, 01:20:57:428 MESZ] 0000002d com.ibm.ws.tcpchannel.internal.TCPChannel                    I CWWKO0220I: Der TCP-Kanal defaultHttpEndpoint ist auf Host *  (IPv6) an Port 9080 nicht mehr für Anforderungen empfangsbereit.
[14.07.23, 01:20:58:435 MESZ] 00000047 com.ibm.ws.runtime.update.internal.RuntimeUpdateManagerImpl  I CWWKE1101I: Serverstilllegung abgeschlossen.
[14.07.23, 01:20:58:570 MESZ] 00000047 com.ibm.ws.security.ready.internal.SecurityReadyServiceImpl  I CWWKS0009I: Der Sicherheitsservice wurde gestoppt.
[14.07.23, 01:20:58:579 MESZ] 00000047 ibm.ws.security.authentication.internal.jaas.JAASServiceImpl I CWWKS1124I: Das Verbundauthentifizierungs-Plug-in mit dem Klassennamen NullCollectiveAuthenticationPlugin wurde inaktiviert. 
[14.07.23, 01:20:58:767 MESZ] 00000001 com.ibm.ws.kernel.launch.internal.FrameworkManager           A CWWKE0036I: Der Server defaultServer wurde nach 1 Minuten, 20,02 Sekunden gestoppt.
